<?xml version="1.0" encoding="UTF-8"?>
<testsuite xmlns:xsi="http://www.w3.org/2001/XMLSchema-instance" xsi:noNamespaceSchemaLocation="https://maven.apache.org/surefire/maven-surefire-plugin/xsd/surefire-test-report-3.0.xsd" version="3.0" name="com.example.orderservice.adapters.rest.OrderControllerTest" time="0.562" tests="4" errors="0" skipped="0" failures="0">
  <properties>
[...]
</properties>
  <testcase name="shouldReturn400WhenInvalidCreateOrder" classname="com.example.orderservice.adapters.rest.OrderControllerTest" time="0.051">
    <system-out><![CDATA[23:04:55.499 [main] INFO org.springframework.test.context.support.AnnotationConfigContextLoaderUtils -- Could not detect default configuration classes for test class [com.example.orderservice.adapters.rest.OrderControllerTest]: OrderControllerTest does not declare any static, non-private, non-final, nested classes annotated with @Configuration.
23:04:55.542 [main] INFO org.springframework.boot.test.context.SpringBootTestContextBootstrapper -- Found @SpringBootConfiguration com.example.orderservice.OrderServiceApplication for test class com.example.orderservice.adapters.rest.OrderControllerTest

  .   ____          _            __ _ _
 /\\ / ___'_ __ _ _(_)_ __  __ _ \ \ \ \
( ( )\___ | '_ | '_| | '_ \/ _` | \ \ \ \
 \\/  ___)| |_)| | | | | || (_| |  ) ) ) )
  '  |____| .__|_| |_|_| |_\__, | / / / /
 =========|_|==============|___/=/_/_/_/
 :: Spring Boot ::                (v3.2.0)

2025-06-23T23:04:55.655+02:00  INFO 36311 --- [           main] c.e.o.adapters.rest.OrderControllerTest  : Starting OrderControllerTest using Java 17.0.15 with PID 36311 (started by l4yoos in /Users/l4yoos/Desktop/microservices/order-service)
2025-06-23T23:04:55.655+02:00  INFO 36311 --- [           main] c.e.o.adapters.rest.OrderControllerTest  : No active profile set, falling back to 1 default profile: "default"
2025-06-23T23:04:55.925+02:00  INFO 36311 --- [           main] o.s.b.t.m.w.SpringBootMockServletContext : Initializing Spring TestDispatcherServlet ''
2025-06-23T23:04:55.926+02:00  INFO 36311 --- [           main] o.s.t.web.servlet.TestDispatcherServlet  : Initializing Servlet ''
2025-06-23T23:04:55.926+02:00  INFO 36311 --- [           main] o.s.t.web.servlet.TestDispatcherServlet  : Completed initialization in 0 ms
2025-06-23T23:04:55.932+02:00  INFO 36311 --- [           main] c.e.o.adapters.rest.OrderControllerTest  : Started OrderControllerTest in 0.373 seconds (process running for 1.179)
]]></system-out>
  </testcase>
  <testcase name="shouldReturnOrder" classname="com.example.orderservice.adapters.rest.OrderControllerTest" time="0.017"/>
  <testcase name="shouldCreateOrder" classname="com.example.orderservice.adapters.rest.OrderControllerTest" time="0.003"/>
  <testcase name="shouldReturn404WhenOrderNotFound" classname="com.example.orderservice.adapters.rest.OrderControllerTest" time="0.002"/>
</testsuite>