<?xml version="1.0" encoding="UTF-8"?>
<testsuite xmlns:xsi="http://www.w3.org/2001/XMLSchema-instance" xsi:noNamespaceSchemaLocation="https://maven.apache.org/surefire/maven-surefire-plugin/xsd/surefire-test-report-3.0.xsd" version="3.0" name="com.example.paymentservice.adapters.rest.PaymentControllerTest" time="0.585" tests="10" errors="0" skipped="0" failures="0">
  <properties>
[...]
</properties>
  <testcase name="completePayment_InvalidId_ReturnsNotFound" classname="com.example.paymentservice.adapters.rest.PaymentControllerTest" time="0.028">
    <system-out><![CDATA[18:27:05.876 [main] INFO org.springframework.test.context.support.AnnotationConfigContextLoaderUtils -- Could not detect default configuration classes for test class [com.example.paymentservice.adapters.rest.PaymentControllerTest]: PaymentControllerTest does not declare any static, non-private, non-final, nested classes annotated with @Configuration.
18:27:05.921 [main] INFO org.springframework.boot.test.context.SpringBootTestContextBootstrapper -- Found @SpringBootConfiguration com.example.paymentservice.PaymentServiceApplication for test class com.example.paymentservice.adapters.rest.PaymentControllerTest

  .   ____          _            __ _ _
 /\\ / ___'_ __ _ _(_)_ __  __ _ \ \ \ \
( ( )\___ | '_ | '_| | '_ \/ _` | \ \ \ \
 \\/  ___)| |_)| | | | | || (_| |  ) ) ) )
  '  |____| .__|_| |_|_| |_\__, | / / / /
 =========|_|==============|___/=/_/_/_/
 :: Spring Boot ::                (v3.2.0)

2025-06-24T18:27:06.030+02:00  INFO 28765 --- [           main] c.e.p.a.rest.PaymentControllerTest       : Starting PaymentControllerTest using Java 17.0.15 with PID 28765 (started by l4yoos in /Users/l4yoos/Desktop/microservices/payment-service)
2025-06-24T18:27:06.030+02:00  INFO 28765 --- [           main] c.e.p.a.rest.PaymentControllerTest       : No active profile set, falling back to 1 default profile: "default"
2025-06-24T18:27:06.317+02:00  INFO 28765 --- [           main] o.s.b.t.m.w.SpringBootMockServletContext : Initializing Spring TestDispatcherServlet ''
2025-06-24T18:27:06.317+02:00  INFO 28765 --- [           main] o.s.t.web.servlet.TestDispatcherServlet  : Initializing Servlet ''
2025-06-24T18:27:06.317+02:00  INFO 28765 --- [           main] o.s.t.web.servlet.TestDispatcherServlet  : Completed initialization in 0 ms
2025-06-24T18:27:06.324+02:00  INFO 28765 --- [           main] c.e.p.a.rest.PaymentControllerTest       : Started PaymentControllerTest in 0.386 seconds (process running for 1.349)
2025-06-24T18:27:06.343+02:00  INFO 28765 --- [           main] c.e.p.adapters.rest.PaymentController    : [PaymentService] Received request to complete payment: paymentId=c063bf69-5a75-460a-a1d2-777d520576fe
]]></system-out>
  </testcase>
  <testcase name="getPayment_ValidId_ReturnsOk" classname="com.example.paymentservice.adapters.rest.PaymentControllerTest" time="0.024">
    <system-out><![CDATA[2025-06-24T18:27:06.356+02:00  INFO 28765 --- [           main] c.e.p.adapters.rest.PaymentController    : [PaymentService] Received request to get payment: paymentId=987fb17f-b6f2-457d-a6ab-d562d2244b71
2025-06-24T18:27:06.356+02:00  INFO 28765 --- [           main] c.e.p.adapters.rest.PaymentController    : [PaymentService] Successfully retrieved payment: paymentId=987fb17f-b6f2-457d-a6ab-d562d2244b71
]]></system-out>
  </testcase>
  <testcase name="cancelPayment_InvalidId_ReturnsNotFound" classname="com.example.paymentservice.adapters.rest.PaymentControllerTest" time="0.002">
    <system-out><![CDATA[2025-06-24T18:27:06.381+02:00  INFO 28765 --- [           main] c.e.p.adapters.rest.PaymentController    : [PaymentService] Received request to cancel payment: paymentId=6fe4a82d-c3b9-4b86-b3a4-7121dcd684ff
]]></system-out>
  </testcase>
  <testcase name="refundPayment_ValidId_ReturnsOk" classname="com.example.paymentservice.adapters.rest.PaymentControllerTest" time="0.002">
    <system-out><![CDATA[2025-06-24T18:27:06.383+02:00  INFO 28765 --- [           main] c.e.p.adapters.rest.PaymentController    : [PaymentService] Received request to refund payment: paymentId=f64b37db-2e20-4532-acb1-cac8655c9746
2025-06-24T18:27:06.383+02:00  INFO 28765 --- [           main] c.e.p.adapters.rest.PaymentController    : [PaymentService] Successfully refunded payment: paymentId=f64b37db-2e20-4532-acb1-cac8655c9746
]]></system-out>
  </testcase>
  <testcase name="cancelPayment_ValidId_ReturnsOk" classname="com.example.paymentservice.adapters.rest.PaymentControllerTest" time="0.001">
    <system-out><![CDATA[2025-06-24T18:27:06.385+02:00  INFO 28765 --- [           main] c.e.p.adapters.rest.PaymentController    : [PaymentService] Received request to cancel payment: paymentId=1ae8c3a3-fb58-4b0a-b312-89c555460bef
2025-06-24T18:27:06.385+02:00  INFO 28765 --- [           main] c.e.p.adapters.rest.PaymentController    : [PaymentService] Successfully cancelled payment: paymentId=1ae8c3a3-fb58-4b0a-b312-89c555460bef
]]></system-out>
  </testcase>
  <testcase name="createPayment_ValidRequest_ReturnsCreated" classname="com.example.paymentservice.adapters.rest.PaymentControllerTest" time="0.032">
    <system-out><![CDATA[2025-06-24T18:27:06.418+02:00  INFO 28765 --- [           main] c.e.p.adapters.rest.PaymentController    : [PaymentService] Received request to create payment: orderId=87d40d9a-fa1a-4ff4-b2fb-e9104a7fbed6, customerId=1a3d738b-ccbf-4497-b9da-ba3f44d43c63, amount=150.0
2025-06-24T18:27:06.418+02:00  INFO 28765 --- [           main] c.e.p.adapters.rest.PaymentController    : [PaymentService] Successfully created payment: paymentId=2e0da6bd-3bd7-40ef-a081-19998f476b5c
]]></system-out>
  </testcase>
  <testcase name="refundPayment_InvalidId_ReturnsNotFound" classname="com.example.paymentservice.adapters.rest.PaymentControllerTest" time="0.001">
    <system-out><![CDATA[2025-06-24T18:27:06.420+02:00  INFO 28765 --- [           main] c.e.p.adapters.rest.PaymentController    : [PaymentService] Received request to refund payment: paymentId=d9f66ee6-1ce0-44bb-b027-221dbc95af18
]]></system-out>
  </testcase>
  <testcase name="completePayment_ValidId_ReturnsOk" classname="com.example.paymentservice.adapters.rest.PaymentControllerTest" time="0.001">
    <system-out><![CDATA[2025-06-24T18:27:06.422+02:00  INFO 28765 --- [           main] c.e.p.adapters.rest.PaymentController    : [PaymentService] Received request to complete payment: paymentId=ce9eb478-4526-443e-a3ac-18e7d558187b
2025-06-24T18:27:06.423+02:00  INFO 28765 --- [           main] c.e.p.adapters.rest.PaymentController    : [PaymentService] Successfully completed payment: paymentId=ce9eb478-4526-443e-a3ac-18e7d558187b
]]></system-out>
  </testcase>
  <testcase name="getPayment_InvalidId_ReturnsNotFound" classname="com.example.paymentservice.adapters.rest.PaymentControllerTest" time="0.001">
    <system-out><![CDATA[2025-06-24T18:27:06.424+02:00  INFO 28765 --- [           main] c.e.p.adapters.rest.PaymentController    : [PaymentService] Received request to get payment: paymentId=78d44dc7-bf63-4877-a77c-76238f590295
]]></system-out>
  </testcase>
  <testcase name="createPayment_InvalidRequest_MissingFields_ReturnsBadRequest" classname="com.example.paymentservice.adapters.rest.PaymentControllerTest" time="0.006"/>
</testsuite>