<?xml version="1.0" encoding="UTF-8"?>
<testsuite xmlns:xsi="http://www.w3.org/2001/XMLSchema-instance" xsi:noNamespaceSchemaLocation="https://maven.apache.org/surefire/maven-surefire-plugin/xsd/surefire-test-report-3.0.xsd" version="3.0" name="com.example.paymentservice.application.PaymentServiceTest" time="0.071" tests="11" errors="0" skipped="0" failures="0">
  <properties>
[...]
</properties>
  <testcase name="cancelPayment_shouldSucceed" classname="com.example.paymentservice.application.PaymentServiceTest" time="0.059">
    <system-out><![CDATA[2025-06-24T18:27:06.491+02:00  INFO 28765 --- [           main] c.e.p.application.PaymentService         : [PaymentService] Cancelling payment: paymentId=324aafcf-e9f4-4da5-8006-91dc44c388dc
2025-06-24T18:27:06.491+02:00  INFO 28765 --- [           main] c.e.p.application.PaymentService         : [PaymentService] Updated payment status to CANCELLED: paymentId=324aafcf-e9f4-4da5-8006-91dc44c388dc
2025-06-24T18:27:06.491+02:00  INFO 28765 --- [           main] c.e.p.application.PaymentService         : [PaymentService] Published PaymentCancelledEvent: paymentId=324aafcf-e9f4-4da5-8006-91dc44c388dc
]]></system-out>
  </testcase>
  <testcase name="processPayment_whenAlreadyExists_shouldThrow" classname="com.example.paymentservice.application.PaymentServiceTest" time="0.004">
    <system-out><![CDATA[2025-06-24T18:27:06.493+02:00  INFO 28765 --- [           main] c.e.p.application.PaymentService         : [PaymentService] Processing payment: orderId=c26c7246-90fe-47a8-9efd-12146a535848, customerId=7ffda264-49f2-4e77-8eae-80b9d0c9f068, amount=150.0
2025-06-24T18:27:06.495+02:00 ERROR 28765 --- [           main] c.e.p.application.PaymentService         : [PaymentService] Payment already exists for order: orderId=c26c7246-90fe-47a8-9efd-12146a535848
]]></system-out>
  </testcase>
  <testcase name="getPaymentOrThrow_shouldReturnPayment" classname="com.example.paymentservice.application.PaymentServiceTest" time="0.0"/>
  <testcase name="completePayment_shouldSucceed" classname="com.example.paymentservice.application.PaymentServiceTest" time="0.001">
    <system-out><![CDATA[2025-06-24T18:27:06.497+02:00  INFO 28765 --- [           main] c.e.p.application.PaymentService         : [PaymentService] Completing payment: paymentId=920cfa0a-5cd6-4558-86f1-738388dde020
2025-06-24T18:27:06.497+02:00  INFO 28765 --- [           main] c.e.p.application.PaymentService         : [PaymentService] Updated payment status to COMPLETED: paymentId=920cfa0a-5cd6-4558-86f1-738388dde020
2025-06-24T18:27:06.497+02:00  INFO 28765 --- [           main] c.e.p.application.PaymentService         : [PaymentService] Published PaymentCompletedEvent: paymentId=920cfa0a-5cd6-4558-86f1-738388dde020
]]></system-out>
  </testcase>
  <testcase name="refundPayment_shouldSucceed" classname="com.example.paymentservice.application.PaymentServiceTest" time="0.001">
    <system-out><![CDATA[2025-06-24T18:27:06.498+02:00  INFO 28765 --- [           main] c.e.p.application.PaymentService         : [PaymentService] Refunding payment: paymentId=d13b4882-95af-4794-9120-10abb7ff4d4b
2025-06-24T18:27:06.498+02:00  INFO 28765 --- [           main] c.e.p.application.PaymentService         : [PaymentService] Updated payment status to REFUNDED: paymentId=d13b4882-95af-4794-9120-10abb7ff4d4b
2025-06-24T18:27:06.498+02:00  INFO 28765 --- [           main] c.e.p.application.PaymentService         : [PaymentService] Published PaymentRefundedEvent: paymentId=d13b4882-95af-4794-9120-10abb7ff4d4b
]]></system-out>
  </testcase>
  <testcase name="processPayment_whenOrderDoesNotExist_shouldThrow" classname="com.example.paymentservice.application.PaymentServiceTest" time="0.003">
    <system-out><![CDATA[2025-06-24T18:27:06.500+02:00  INFO 28765 --- [           main] c.e.p.application.PaymentService         : [PaymentService] Processing payment: orderId=2c69c622-0c9d-4543-ab0f-cc6678530cd5, customerId=ec2de57e-976d-4c9e-b37e-d6d7f9b92bd5, amount=150.0
2025-06-24T18:27:06.500+02:00 ERROR 28765 --- [           main] c.e.p.application.PaymentService         : [PaymentService] Order not found: orderId=2c69c622-0c9d-4543-ab0f-cc6678530cd5

org.springframework.web.client.HttpClientErrorException: 404 Not Found
	at org.springframework.web.client.RestTemplate.getForEntity(RestTemplate.java:420) ~[spring-web-6.1.1.jar:6.1.1]
	at com.example.paymentservice.application.PaymentService.validateOrderExists(PaymentService.java:131) ~[classes/:na]
	at com.example.paymentservice.application.PaymentService.processPayment(PaymentService.java:39) ~[classes/:na]
	at com.example.paymentservice.application.PaymentServiceTest.lambda$processPayment_whenOrderDoesNotExist_shouldThrow$1(PaymentServiceTest.java:64) ~[test-classes/:na]
	at org.junit.jupiter.api.AssertThrows.assertThrows(AssertThrows.java:53) ~[junit-jupiter-api-5.10.1.jar:5.10.1]
	at org.junit.jupiter.api.AssertThrows.assertThrows(AssertThrows.java:35) ~[junit-jupiter-api-5.10.1.jar:5.10.1]
	at org.junit.jupiter.api.Assertions.assertThrows(Assertions.java:3115) ~[junit-jupiter-api-5.10.1.jar:5.10.1]
	at com.example.paymentservice.application.PaymentServiceTest.processPayment_whenOrderDoesNotExist_shouldThrow(PaymentServiceTest.java:63) ~[test-classes/:na]
	at java.base/jdk.internal.reflect.NativeMethodAccessorImpl.invoke0(Native Method) ~[na:na]
	at java.base/jdk.internal.reflect.NativeMethodAccessorImpl.invoke(NativeMethodAccessorImpl.java:77) ~[na:na]
	at java.base/jdk.internal.reflect.DelegatingMethodAccessorImpl.invoke(DelegatingMethodAccessorImpl.java:43) ~[na:na]
	at java.base/java.lang.reflect.Method.invoke(Method.java:569) ~[na:na]
	at org.junit.platform.commons.util.ReflectionUtils.invokeMethod(ReflectionUtils.java:728) ~[junit-platform-commons-1.10.1.jar:1.10.1]
	at org.junit.jupiter.engine.execution.MethodInvocation.proceed(MethodInvocation.java:60) ~[junit-jupiter-engine-5.10.1.jar:5.10.1]
	at org.junit.jupiter.engine.execution.InvocationInterceptorChain$ValidatingInvocation.proceed(InvocationInterceptorChain.java:131) ~[junit-jupiter-engine-5.10.1.jar:5.10.1]
	at org.junit.jupiter.engine.extension.TimeoutExtension.intercept(TimeoutExtension.java:156) ~[junit-jupiter-engine-5.10.1.jar:5.10.1]
	at org.junit.jupiter.engine.extension.TimeoutExtension.interceptTestableMethod(TimeoutExtension.java:147) ~[junit-jupiter-engine-5.10.1.jar:5.10.1]
	at org.junit.jupiter.engine.extension.TimeoutExtension.interceptTestMethod(TimeoutExtension.java:86) ~[junit-jupiter-engine-5.10.1.jar:5.10.1]
	at org.junit.jupiter.engine.execution.InterceptingExecutableInvoker$ReflectiveInterceptorCall.lambda$ofVoidMethod$0(InterceptingExecutableInvoker.java:103) ~[junit-jupiter-engine-5.10.1.jar:5.10.1]
	at org.junit.jupiter.engine.execution.InterceptingExecutableInvoker.lambda$invoke$0(InterceptingExecutableInvoker.java:93) ~[junit-jupiter-engine-5.10.1.jar:5.10.1]
	at org.junit.jupiter.engine.execution.InvocationInterceptorChain$InterceptedInvocation.proceed(InvocationInterceptorChain.java:106) ~[junit-jupiter-engine-5.10.1.jar:5.10.1]
	at org.junit.jupiter.engine.execution.InvocationInterceptorChain.proceed(InvocationInterceptorChain.java:64) ~[junit-jupiter-engine-5.10.1.jar:5.10.1]
	at org.junit.jupiter.engine.execution.InvocationInterceptorChain.chainAndInvoke(InvocationInterceptorChain.java:45) ~[junit-jupiter-engine-5.10.1.jar:5.10.1]
	at org.junit.jupiter.engine.execution.InvocationInterceptorChain.invoke(InvocationInterceptorChain.java:37) ~[junit-jupiter-engine-5.10.1.jar:5.10.1]
	at org.junit.jupiter.engine.execution.InterceptingExecutableInvoker.invoke(InterceptingExecutableInvoker.java:92) ~[junit-jupiter-engine-5.10.1.jar:5.10.1]
	at org.junit.jupiter.engine.execution.InterceptingExecutableInvoker.invoke(InterceptingExecutableInvoker.java:86) ~[junit-jupiter-engine-5.10.1.jar:5.10.1]
	at org.junit.jupiter.engine.descriptor.TestMethodTestDescriptor.lambda$invokeTestMethod$7(TestMethodTestDescriptor.java:218) ~[junit-jupiter-engine-5.10.1.jar:5.10.1]
	at org.junit.platform.engine.support.hierarchical.ThrowableCollector.execute(ThrowableCollector.java:73) ~[junit-platform-engine-1.10.1.jar:1.10.1]
	at org.junit.jupiter.engine.descriptor.TestMethodTestDescriptor.invokeTestMethod(TestMethodTestDescriptor.java:214) ~[junit-jupiter-engine-5.10.1.jar:5.10.1]
	at org.junit.jupiter.engine.descriptor.TestMethodTestDescriptor.execute(TestMethodTestDescriptor.java:139) ~[junit-jupiter-engine-5.10.1.jar:5.10.1]
	at org.junit.jupiter.engine.descriptor.TestMethodTestDescriptor.execute(TestMethodTestDescriptor.java:69) ~[junit-jupiter-engine-5.10.1.jar:5.10.1]
	at org.junit.platform.engine.support.hierarchical.NodeTestTask.lambda$executeRecursively$6(NodeTestTask.java:151) ~[junit-platform-engine-1.10.1.jar:1.10.1]
	at org.junit.platform.engine.support.hierarchical.ThrowableCollector.execute(ThrowableCollector.java:73) ~[junit-platform-engine-1.10.1.jar:1.10.1]
	at org.junit.platform.engine.support.hierarchical.NodeTestTask.lambda$executeRecursively$8(NodeTestTask.java:141) ~[junit-platform-engine-1.10.1.jar:1.10.1]
	at org.junit.platform.engine.support.hierarchical.Node.around(Node.java:137) ~[junit-platform-engine-1.10.1.jar:1.10.1]
	at org.junit.platform.engine.support.hierarchical.NodeTestTask.lambda$executeRecursively$9(NodeTestTask.java:139) ~[junit-platform-engine-1.10.1.jar:1.10.1]
	at org.junit.platform.engine.support.hierarchical.ThrowableCollector.execute(ThrowableCollector.java:73) ~[junit-platform-engine-1.10.1.jar:1.10.1]
	at org.junit.platform.engine.support.hierarchical.NodeTestTask.executeRecursively(NodeTestTask.java:138) ~[junit-platform-engine-1.10.1.jar:1.10.1]
	at org.junit.platform.engine.support.hierarchical.NodeTestTask.execute(NodeTestTask.java:95) ~[junit-platform-engine-1.10.1.jar:1.10.1]
	at java.base/java.util.ArrayList.forEach(ArrayList.java:1511) ~[na:na]
	at org.junit.platform.engine.support.hierarchical.SameThreadHierarchicalTestExecutorService.invokeAll(SameThreadHierarchicalTestExecutorService.java:41) ~[junit-platform-engine-1.10.1.jar:1.10.1]
	at org.junit.platform.engine.support.hierarchical.NodeTestTask.lambda$executeRecursively$6(NodeTestTask.java:155) ~[junit-platform-engine-1.10.1.jar:1.10.1]
	at org.junit.platform.engine.support.hierarchical.ThrowableCollector.execute(ThrowableCollector.java:73) ~[junit-platform-engine-1.10.1.jar:1.10.1]
	at org.junit.platform.engine.support.hierarchical.NodeTestTask.lambda$executeRecursively$8(NodeTestTask.java:141) ~[junit-platform-engine-1.10.1.jar:1.10.1]
	at org.junit.platform.engine.support.hierarchical.Node.around(Node.java:137) ~[junit-platform-engine-1.10.1.jar:1.10.1]
	at org.junit.platform.engine.support.hierarchical.NodeTestTask.lambda$executeRecursively$9(NodeTestTask.java:139) ~[junit-platform-engine-1.10.1.jar:1.10.1]
	at org.junit.platform.engine.support.hierarchical.ThrowableCollector.execute(ThrowableCollector.java:73) ~[junit-platform-engine-1.10.1.jar:1.10.1]
	at org.junit.platform.engine.support.hierarchical.NodeTestTask.executeRecursively(NodeTestTask.java:138) ~[junit-platform-engine-1.10.1.jar:1.10.1]
	at org.junit.platform.engine.support.hierarchical.NodeTestTask.execute(NodeTestTask.java:95) ~[junit-platform-engine-1.10.1.jar:1.10.1]
	at java.base/java.util.ArrayList.forEach(ArrayList.java:1511) ~[na:na]
	at org.junit.platform.engine.support.hierarchical.SameThreadHierarchicalTestExecutorService.invokeAll(SameThreadHierarchicalTestExecutorService.java:41) ~[junit-platform-engine-1.10.1.jar:1.10.1]
	at org.junit.platform.engine.support.hierarchical.NodeTestTask.lambda$executeRecursively$6(NodeTestTask.java:155) ~[junit-platform-engine-1.10.1.jar:1.10.1]
	at org.junit.platform.engine.support.hierarchical.ThrowableCollector.execute(ThrowableCollector.java:73) ~[junit-platform-engine-1.10.1.jar:1.10.1]
	at org.junit.platform.engine.support.hierarchical.NodeTestTask.lambda$executeRecursively$8(NodeTestTask.java:141) ~[junit-platform-engine-1.10.1.jar:1.10.1]
	at org.junit.platform.engine.support.hierarchical.Node.around(Node.java:137) ~[junit-platform-engine-1.10.1.jar:1.10.1]
	at org.junit.platform.engine.support.hierarchical.NodeTestTask.lambda$executeRecursively$9(NodeTestTask.java:139) ~[junit-platform-engine-1.10.1.jar:1.10.1]
	at org.junit.platform.engine.support.hierarchical.ThrowableCollector.execute(ThrowableCollector.java:73) ~[junit-platform-engine-1.10.1.jar:1.10.1]
	at org.junit.platform.engine.support.hierarchical.NodeTestTask.executeRecursively(NodeTestTask.java:138) ~[junit-platform-engine-1.10.1.jar:1.10.1]
	at org.junit.platform.engine.support.hierarchical.NodeTestTask.execute(NodeTestTask.java:95) ~[junit-platform-engine-1.10.1.jar:1.10.1]
	at org.junit.platform.engine.support.hierarchical.SameThreadHierarchicalTestExecutorService.submit(SameThreadHierarchicalTestExecutorService.java:35) ~[junit-platform-engine-1.10.1.jar:1.10.1]
	at org.junit.platform.engine.support.hierarchical.HierarchicalTestExecutor.execute(HierarchicalTestExecutor.java:57) ~[junit-platform-engine-1.10.1.jar:1.10.1]
	at org.junit.platform.engine.support.hierarchical.HierarchicalTestEngine.execute(HierarchicalTestEngine.java:54) ~[junit-platform-engine-1.10.1.jar:1.10.1]
	at org.junit.platform.launcher.core.EngineExecutionOrchestrator.execute(EngineExecutionOrchestrator.java:198) ~[junit-platform-launcher-1.10.1.jar:1.10.1]
	at org.junit.platform.launcher.core.EngineExecutionOrchestrator.execute(EngineExecutionOrchestrator.java:169) ~[junit-platform-launcher-1.10.1.jar:1.10.1]
	at org.junit.platform.launcher.core.EngineExecutionOrchestrator.execute(EngineExecutionOrchestrator.java:93) ~[junit-platform-launcher-1.10.1.jar:1.10.1]
	at org.junit.platform.launcher.core.EngineExecutionOrchestrator.lambda$execute$0(EngineExecutionOrchestrator.java:58) ~[junit-platform-launcher-1.10.1.jar:1.10.1]
	at org.junit.platform.launcher.core.EngineExecutionOrchestrator.withInterceptedStreams(EngineExecutionOrchestrator.java:141) ~[junit-platform-launcher-1.10.1.jar:1.10.1]
	at org.junit.platform.launcher.core.EngineExecutionOrchestrator.execute(EngineExecutionOrchestrator.java:57) ~[junit-platform-launcher-1.10.1.jar:1.10.1]
	at org.junit.platform.launcher.core.DefaultLauncher.execute(DefaultLauncher.java:103) ~[junit-platform-launcher-1.10.1.jar:1.10.1]
	at org.junit.platform.launcher.core.DefaultLauncher.execute(DefaultLauncher.java:85) ~[junit-platform-launcher-1.10.1.jar:1.10.1]
	at org.junit.platform.launcher.core.DelegatingLauncher.execute(DelegatingLauncher.java:47) ~[junit-platform-launcher-1.10.1.jar:1.10.1]
	at org.apache.maven.surefire.junitplatform.LazyLauncher.execute(LazyLauncher.java:56) ~[surefire-junit-platform-3.2.5.jar:3.2.5]
	at org.apache.maven.surefire.junitplatform.JUnitPlatformProvider.execute(JUnitPlatformProvider.java:184) ~[surefire-junit-platform-3.2.5.jar:3.2.5]
	at org.apache.maven.surefire.junitplatform.JUnitPlatformProvider.invokeAllTests(JUnitPlatformProvider.java:148) ~[surefire-junit-platform-3.2.5.jar:3.2.5]
	at org.apache.maven.surefire.junitplatform.JUnitPlatformProvider.invoke(JUnitPlatformProvider.java:122) ~[surefire-junit-platform-3.2.5.jar:3.2.5]
	at org.apache.maven.surefire.booter.ForkedBooter.runSuitesInProcess(ForkedBooter.java:385) ~[surefire-booter-3.2.5.jar:3.2.5]
	at org.apache.maven.surefire.booter.ForkedBooter.execute(ForkedBooter.java:162) ~[surefire-booter-3.2.5.jar:3.2.5]
	at org.apache.maven.surefire.booter.ForkedBooter.run(ForkedBooter.java:507) ~[surefire-booter-3.2.5.jar:3.2.5]
	at org.apache.maven.surefire.booter.ForkedBooter.main(ForkedBooter.java:495) ~[surefire-booter-3.2.5.jar:3.2.5]

]]></system-out>
  </testcase>
  <testcase name="refundPayment_whenNotFound_shouldThrow" classname="com.example.paymentservice.application.PaymentServiceTest" time="0.0">
    <system-out><![CDATA[2025-06-24T18:27:06.501+02:00  INFO 28765 --- [           main] c.e.p.application.PaymentService         : [PaymentService] Refunding payment: paymentId=6f8bdb22-d137-40fc-9528-a2ff8ff82b48
2025-06-24T18:27:06.501+02:00 ERROR 28765 --- [           main] c.e.p.application.PaymentService         : [PaymentService] Payment not found: paymentId=6f8bdb22-d137-40fc-9528-a2ff8ff82b48
]]></system-out>
  </testcase>
  <testcase name="completePayment_whenNotFound_shouldThrow" classname="com.example.paymentservice.application.PaymentServiceTest" time="0.001">
    <system-out><![CDATA[2025-06-24T18:27:06.502+02:00  INFO 28765 --- [           main] c.e.p.application.PaymentService         : [PaymentService] Completing payment: paymentId=4c4ec8bf-49da-456e-86ec-3c0dd08185d1
2025-06-24T18:27:06.502+02:00 ERROR 28765 --- [           main] c.e.p.application.PaymentService         : [PaymentService] Payment not found: paymentId=4c4ec8bf-49da-456e-86ec-3c0dd08185d1
]]></system-out>
  </testcase>
  <testcase name="getPaymentOrThrow_whenMissing_shouldThrow" classname="com.example.paymentservice.application.PaymentServiceTest" time="0.0">
    <system-out><![CDATA[2025-06-24T18:27:06.502+02:00 ERROR 28765 --- [           main] c.e.p.application.PaymentService         : [PaymentService] Payment not found: paymentId=2b439a31-4f66-4520-9337-16f26770dd12
]]></system-out>
  </testcase>
  <testcase name="cancelPayment_whenNotFound_shouldThrow" classname="com.example.paymentservice.application.PaymentServiceTest" time="0.0">
    <system-out><![CDATA[2025-06-24T18:27:06.503+02:00  INFO 28765 --- [           main] c.e.p.application.PaymentService         : [PaymentService] Cancelling payment: paymentId=f48f870f-edb7-4ab5-89a9-6c91e9823ff5
2025-06-24T18:27:06.503+02:00 ERROR 28765 --- [           main] c.e.p.application.PaymentService         : [PaymentService] Payment not found: paymentId=f48f870f-edb7-4ab5-89a9-6c91e9823ff5
]]></system-out>
  </testcase>
  <testcase name="processPayment_shouldSucceed" classname="com.example.paymentservice.application.PaymentServiceTest" time="0.001">
    <system-out><![CDATA[2025-06-24T18:27:06.504+02:00  INFO 28765 --- [           main] c.e.p.application.PaymentService         : [PaymentService] Processing payment: orderId=83fdc7be-3cce-40b2-86ac-8581cdc444fa, customerId=b1152ca4-ea4e-457c-bbaa-0434c4708fc9, amount=150.0
2025-06-24T18:27:06.504+02:00  INFO 28765 --- [           main] c.e.p.application.PaymentService         : [PaymentService] Saved payment: paymentId=9f20e379-88ff-4135-b260-cc2970afe90a
2025-06-24T18:27:06.504+02:00  INFO 28765 --- [           main] c.e.p.application.PaymentService         : [PaymentService] Published PaymentCreatedEvent: paymentId=9f20e379-88ff-4135-b260-cc2970afe90a
]]></system-out>
  </testcase>
</testsuite>